<?xml version="1.0" encoding="UTF-8"?>
<testsuites name="login_search" time="465.098" tests="4" failures="0" errors="0">
   <testsuite name="login_search" tests="4" failures="0" errors="0" time="465.098" skipped="0" timestamp="14-02-2024T17:51:37" hostname="ASUS - LAPTOP-86QR281O" id="Test Suites/login_search">
      <properties>
         <property name="deviceName" value="emulator-5554 (sdk_gphone64_x86_64 - Android 14)"/>
         <property name="devicePlatform" value=""/>
         <property name="logFolder" value="C:\\Users\\ASUS\\Documents\\Bismillah BFLP IT\\BOOTCAMP IT\\Katalon\\katalon-finalmobile-clarissafatimah\\Reports\\20240214_175125\\login_search\\20240214_175125"/>
         <property name="logFiles" value="C:\\Users\\ASUS\\Documents\\Bismillah BFLP IT\\BOOTCAMP IT\\Katalon\\katalon-finalmobile-clarissafatimah\\Reports\\20240214_175125\\login_search\\20240214_175125\\appium.log, C:\\Users\\ASUS\\Documents\\Bismillah BFLP IT\\BOOTCAMP IT\\Katalon\\katalon-finalmobile-clarissafatimah\\Reports\\20240214_175125\\login_search\\20240214_175125\\appium_error.log, C:\\Users\\ASUS\\Documents\\Bismillah BFLP IT\\BOOTCAMP IT\\Katalon\\katalon-finalmobile-clarissafatimah\\Reports\\20240214_175125\\login_search\\20240214_175125\\execution0.log"/>
         <property name="attachments" value="C:\\Users\\ASUS\\Documents\\Bismillah BFLP IT\\BOOTCAMP IT\\Katalon\\katalon-finalmobile-clarissafatimah\\Reports\\20240214_175125\\login_search\\20240214_175125\\1707908080617.png, C:\\Users\\ASUS\\Documents\\Bismillah BFLP IT\\BOOTCAMP IT\\Katalon\\katalon-finalmobile-clarissafatimah\\Reports\\20240214_175125\\login_search\\20240214_175125\\1707908083460.png, C:\\Users\\ASUS\\Documents\\Bismillah BFLP IT\\BOOTCAMP IT\\Katalon\\katalon-finalmobile-clarissafatimah\\Reports\\20240214_175125\\login_search\\20240214_175125\\1707908126171.png"/>
         <property name="hostName" value="ASUS - LAPTOP-86QR281O"/>
         <property name="os" value="Windows 11 64bit"/>
         <property name="appiumServerStatus" value="{&quot;value&quot;:{&quot;ready&quot;:true,&quot;message&quot;:&quot;The server is ready to accept new connections&quot;,&quot;build&quot;:{&quot;version&quot;:&quot;2.5.0&quot;}}}"/>
         <property name="katalonVersion" value="9.3.0.212"/>
         <property name="deviceOS" value="Android"/>
         <property name="appiumVersion" value="2.5.0"/>
         <property name="deviceModel" value="sdk_gphone64_x86_64"/>
         <property name="hostAddress" value="172.20.10.3"/>
         <property name="deviceManufacturer" value="Google"/>
         <property name="deviceId" value="emulator-5554"/>
         <property name="deviceName" value="emulator-5554 (sdk_gphone64_x86_64 - Android 14)"/>
         <property name="deviceOSVersion" value="14"/>
      </properties>
      <testcase name="Test Cases/search" time="110.385" classname="Test Cases/search" status="PASSED">
         <system-out><![CDATA[14-02-2024T17:51:38 - [TEST_CASE][PASSED] - Test Cases/search: Test Cases/search

14-02-2024T17:51:39 - [TEST_STEP][PASSED] - startApplication("C:\Users\ASUS\Downloads\Advantage+demo+3.2.apk", true): Started app at: 'C:\Users\ASUS\Downloads\Advantage+demo+3.2.apk'

14-02-2024T17:51:40 - [MESSAGE][INFO] - Detected NodeJS location: "C:\Program Files\nodejs\node.exe"

14-02-2024T17:51:46 - [MESSAGE][INFO] - PATH: C:\Program Files\nodejs;

14-02-2024T17:51:46 - [MESSAGE][INFO] - APPIUM_HOME: C:\Users\ASUS\.appium

14-02-2024T17:51:46 - [MESSAGE][INFO] - appium outlog: C:\Users\ASUS\Documents\Bismillah BFLP IT\BOOTCAMP IT\Katalon\katalon-finalmobile-clarissafatimah\Reports\20240214_175125\login_search\20240214_175125\appium.log

14-02-2024T17:51:46 - [MESSAGE][INFO] - appium errlog: C:\Users\ASUS\Documents\Bismillah BFLP IT\BOOTCAMP IT\Katalon\katalon-finalmobile-clarissafatimah\Reports\20240214_175125\login_search\20240214_175125\appium_error.log

14-02-2024T17:51:50 - [MESSAGE][INFO] - Appium server started on port 60,571

14-02-2024T17:52:33 - [MESSAGE][PASSED] - Started app at: 'C:\Users\ASUS\Downloads\Advantage+demo+3.2.apk'

14-02-2024T17:52:33 - [TEST_STEP][PASSED] - tap(findTestObject("Object Repository/search/android.widget.EditText - Search"), 0): Tapped on element 'Object Repository/search/android.widget.EditText - Search'

14-02-2024T17:52:33 - [MESSAGE][WARNING] - Timeout '0' is invalid. Using default page load timeout: '30'

14-02-2024T17:52:38 - [MESSAGE][PASSED] - Tapped on element 'Object Repository/search/android.widget.EditText - Search'

14-02-2024T17:52:38 - [TEST_STEP][PASSED] - setText(findTestObject("Object Repository/search/android.widget.EditText - Search"), "hp", 0): Text 'hp' has been set to element 'Object Repository/search/android.widget.EditText - Search'

14-02-2024T17:52:38 - [MESSAGE][WARNING] - Timeout '0' is invalid. Using default page load timeout: '30'

14-02-2024T17:52:43 - [MESSAGE][PASSED] - Text 'hp' has been set to element 'Object Repository/search/android.widget.EditText - Search'

14-02-2024T17:52:43 - [TEST_STEP][PASSED] - tap(findTestObject("Object Repository/search/android.widget.ImageView"), 0): Tapped on element 'Object Repository/search/android.widget.ImageView'

14-02-2024T17:52:43 - [MESSAGE][WARNING] - Timeout '0' is invalid. Using default page load timeout: '30'

14-02-2024T17:52:45 - [MESSAGE][PASSED] - Tapped on element 'Object Repository/search/android.widget.ImageView'

14-02-2024T17:52:45 - [TEST_STEP][PASSED] - tap(findTestObject("Object Repository/search/android.widget.ImageView (2)"), 0): Tapped on element 'Object Repository/search/android.widget.ImageView (2)'

14-02-2024T17:52:45 - [MESSAGE][WARNING] - Timeout '0' is invalid. Using default page load timeout: '30'

14-02-2024T17:52:58 - [MESSAGE][PASSED] - Tapped on element 'Object Repository/search/android.widget.ImageView (2)'

14-02-2024T17:52:58 - [TEST_STEP][PASSED] - tap(findTestObject("Object Repository/search/android.widget.Button - ADD TO CART"), 0): Tapped on element 'Object Repository/search/android.widget.Button - ADD TO CART'

14-02-2024T17:52:58 - [MESSAGE][WARNING] - Timeout '0' is invalid. Using default page load timeout: '30'

14-02-2024T17:53:00 - [MESSAGE][PASSED] - Tapped on element 'Object Repository/search/android.widget.Button - ADD TO CART'

14-02-2024T17:53:00 - [TEST_STEP][PASSED] - tap(findTestObject("Object Repository/login/username tap"), 0): Tapped on element 'Object Repository/login/username tap'

14-02-2024T17:53:00 - [MESSAGE][WARNING] - Timeout '0' is invalid. Using default page load timeout: '30'

14-02-2024T17:53:04 - [MESSAGE][PASSED] - Tapped on element 'Object Repository/login/username tap'

14-02-2024T17:53:04 - [TEST_STEP][PASSED] - setText(findTestObject("Object Repository/login/input username"), "clae12", 0): Text 'clae12' has been set to element 'Object Repository/login/input username'

14-02-2024T17:53:04 - [MESSAGE][WARNING] - Timeout '0' is invalid. Using default page load timeout: '30'

14-02-2024T17:53:08 - [MESSAGE][PASSED] - Text 'clae12' has been set to element 'Object Repository/login/input username'

14-02-2024T17:53:08 - [TEST_STEP][PASSED] - tap(findTestObject("Object Repository/login/password tap"), 0): Tapped on element 'Object Repository/login/password tap'

14-02-2024T17:53:08 - [MESSAGE][WARNING] - Timeout '0' is invalid. Using default page load timeout: '30'

14-02-2024T17:53:10 - [MESSAGE][PASSED] - Tapped on element 'Object Repository/login/password tap'

14-02-2024T17:53:10 - [TEST_STEP][PASSED] - setText(findTestObject("Object Repository/login/input password"), "1234!aA", 0): Text '1234!aA' has been set to element 'Object Repository/login/input password'

14-02-2024T17:53:10 - [MESSAGE][WARNING] - Timeout '0' is invalid. Using default page load timeout: '30'

14-02-2024T17:53:13 - [MESSAGE][PASSED] - Text '1234!aA' has been set to element 'Object Repository/login/input password'

14-02-2024T17:53:13 - [TEST_STEP][PASSED] - tap(findTestObject("Object Repository/login/android.widget.Button - LOGIN"), 0): Tapped on element 'Object Repository/login/android.widget.Button - LOGIN'

14-02-2024T17:53:14 - [MESSAGE][WARNING] - Timeout '0' is invalid. Using default page load timeout: '30'

14-02-2024T17:53:16 - [MESSAGE][PASSED] - Tapped on element 'Object Repository/login/android.widget.Button - LOGIN'

14-02-2024T17:53:16 - [TEST_STEP][PASSED] - tap(findTestObject("Object Repository/login/loggin yes"), 0): Tapped on element 'Object Repository/login/loggin yes'

14-02-2024T17:53:16 - [MESSAGE][WARNING] - Timeout '0' is invalid. Using default page load timeout: '30'

14-02-2024T17:53:21 - [MESSAGE][PASSED] - Tapped on element 'Object Repository/login/loggin yes'

14-02-2024T17:53:21 - [TEST_STEP][PASSED] - closeApplication(): Close app successfully

14-02-2024T17:53:26 - [MESSAGE][PASSED] - Close app successfully

14-02-2024T17:53:28 - [TEST_STEP][PASSED] - Video: Video recording for test case 'Test Cases/search' .

14-02-2024T17:53:28 - [MESSAGE][INFO] - Video recording for test case 'Test Cases/search' .]]></system-out>
         <system-err><![CDATA[]]></system-err>
      </testcase>
      <testcase name="Test Cases/login data driven" time="63.372" classname="Test Cases/login data driven" status="PASSED">
         <system-out><![CDATA[14-02-2024T17:55:34 - [TEST_CASE][PASSED] - Test Cases/login data driven: Test Cases/login data driven

14-02-2024T17:55:34 - [TEST_STEP][PASSED] - startApplication("C:\Users\ASUS\Downloads\Advantage+demo+3.2.apk", true): Started app at: 'C:\Users\ASUS\Downloads\Advantage+demo+3.2.apk'

14-02-2024T17:56:00 - [MESSAGE][PASSED] - Started app at: 'C:\Users\ASUS\Downloads\Advantage+demo+3.2.apk'

14-02-2024T17:56:00 - [TEST_STEP][PASSED] - tap(findTestObject("Object Repository/login/android.widget.ImageView"), 0): Tapped on element 'Object Repository/login/android.widget.ImageView'

14-02-2024T17:56:00 - [MESSAGE][WARNING] - Timeout '0' is invalid. Using default page load timeout: '30'

14-02-2024T17:56:08 - [MESSAGE][PASSED] - Tapped on element 'Object Repository/login/android.widget.ImageView'

14-02-2024T17:56:08 - [TEST_STEP][PASSED] - tap(findTestObject("Object Repository/login/android.widget.TextView - LOGIN"), 0): Tapped on element 'Object Repository/login/android.widget.TextView - LOGIN'

14-02-2024T17:56:08 - [MESSAGE][WARNING] - Timeout '0' is invalid. Using default page load timeout: '30'

14-02-2024T17:56:10 - [MESSAGE][PASSED] - Tapped on element 'Object Repository/login/android.widget.TextView - LOGIN'

14-02-2024T17:56:10 - [TEST_STEP][PASSED] - tap(findTestObject("Object Repository/login/username tap"), 0): Tapped on element 'Object Repository/login/username tap'

14-02-2024T17:56:10 - [MESSAGE][WARNING] - Timeout '0' is invalid. Using default page load timeout: '30'

14-02-2024T17:56:14 - [MESSAGE][PASSED] - Tapped on element 'Object Repository/login/username tap'

14-02-2024T17:56:14 - [TEST_STEP][PASSED] - setText(findTestObject("Object Repository/login/input username"), username, 0): Text 'nora' has been set to element 'Object Repository/login/input username'

14-02-2024T17:56:14 - [MESSAGE][WARNING] - Timeout '0' is invalid. Using default page load timeout: '30'

14-02-2024T17:56:18 - [MESSAGE][PASSED] - Text 'nora' has been set to element 'Object Repository/login/input username'

14-02-2024T17:56:18 - [TEST_STEP][PASSED] - tap(findTestObject("Object Repository/login/password tap"), 0): Tapped on element 'Object Repository/login/password tap'

14-02-2024T17:56:18 - [MESSAGE][WARNING] - Timeout '0' is invalid. Using default page load timeout: '30'

14-02-2024T17:56:19 - [MESSAGE][PASSED] - Tapped on element 'Object Repository/login/password tap'

14-02-2024T17:56:19 - [TEST_STEP][PASSED] - setText(findTestObject("Object Repository/login/input password"), password, 0): Text '1234!sdA' has been set to element 'Object Repository/login/input password'

14-02-2024T17:56:19 - [MESSAGE][WARNING] - Timeout '0' is invalid. Using default page load timeout: '30'

14-02-2024T17:56:23 - [MESSAGE][PASSED] - Text '1234!sdA' has been set to element 'Object Repository/login/input password'

14-02-2024T17:56:23 - [TEST_STEP][PASSED] - tap(findTestObject("Object Repository/login/android.widget.Button - LOGIN"), 0): Tapped on element 'Object Repository/login/android.widget.Button - LOGIN'

14-02-2024T17:56:23 - [MESSAGE][WARNING] - Timeout '0' is invalid. Using default page load timeout: '30'

14-02-2024T17:56:25 - [MESSAGE][PASSED] - Tapped on element 'Object Repository/login/android.widget.Button - LOGIN'

14-02-2024T17:56:25 - [TEST_STEP][PASSED] - waitTime = 10: null

14-02-2024T17:56:25 - [TEST_STEP][PASSED] - if (waitForElementPresent(findTestObject("Object Repository/login/uname pass incorrect"), waitTime, OPTIONAL)): null

14-02-2024T17:56:31 - [MESSAGE][PASSED] - Element 'Object Repository/login/uname pass incorrect' is present

14-02-2024T17:56:31 - [TEST_STEP][PASSED] - println("Username atau password salah!"): null

14-02-2024T17:56:31 - [TEST_STEP][PASSED] - closeApplication(): Close app successfully

14-02-2024T17:56:35 - [MESSAGE][PASSED] - Close app successfully

14-02-2024T17:56:37 - [TEST_STEP][PASSED] - Video: Video recording for test case 'Test Cases/login data driven' .

14-02-2024T17:56:37 - [MESSAGE][INFO] - Video recording for test case 'Test Cases/login data driven' .]]></system-out>
         <system-err><![CDATA[]]></system-err>
      </testcase>
      <testcase name="Test Cases/login data driven" time="79.245" classname="Test Cases/login data driven" status="PASSED">
         <system-out><![CDATA[14-02-2024T17:56:38 - [TEST_CASE][PASSED] - Test Cases/login data driven: Test Cases/login data driven

14-02-2024T17:56:38 - [TEST_STEP][PASSED] - startApplication("C:\Users\ASUS\Downloads\Advantage+demo+3.2.apk", true): Started app at: 'C:\Users\ASUS\Downloads\Advantage+demo+3.2.apk'

14-02-2024T17:56:39 - [MESSAGE][INFO] - Detected NodeJS location: "C:\Program Files\nodejs\node.exe"

14-02-2024T17:56:44 - [MESSAGE][INFO] - PATH: C:\Program Files\nodejs;

14-02-2024T17:56:44 - [MESSAGE][INFO] - APPIUM_HOME: C:\Users\ASUS\.appium

14-02-2024T17:56:44 - [MESSAGE][INFO] - appium outlog: C:\Users\ASUS\Documents\Bismillah BFLP IT\BOOTCAMP IT\Katalon\katalon-finalmobile-clarissafatimah\Reports\20240214_175125\login_search\20240214_175125\appium.log

14-02-2024T17:56:44 - [MESSAGE][INFO] - appium errlog: C:\Users\ASUS\Documents\Bismillah BFLP IT\BOOTCAMP IT\Katalon\katalon-finalmobile-clarissafatimah\Reports\20240214_175125\login_search\20240214_175125\appium_error.log

14-02-2024T17:56:51 - [MESSAGE][INFO] - Appium server started on port 61,549

14-02-2024T17:57:20 - [MESSAGE][PASSED] - Started app at: 'C:\Users\ASUS\Downloads\Advantage+demo+3.2.apk'

14-02-2024T17:57:20 - [TEST_STEP][PASSED] - tap(findTestObject("Object Repository/login/android.widget.ImageView"), 0): Tapped on element 'Object Repository/login/android.widget.ImageView'

14-02-2024T17:57:20 - [MESSAGE][WARNING] - Timeout '0' is invalid. Using default page load timeout: '30'

14-02-2024T17:57:26 - [MESSAGE][PASSED] - Tapped on element 'Object Repository/login/android.widget.ImageView'

14-02-2024T17:57:26 - [TEST_STEP][PASSED] - tap(findTestObject("Object Repository/login/android.widget.TextView - LOGIN"), 0): Tapped on element 'Object Repository/login/android.widget.TextView - LOGIN'

14-02-2024T17:57:26 - [MESSAGE][WARNING] - Timeout '0' is invalid. Using default page load timeout: '30'

14-02-2024T17:57:28 - [MESSAGE][PASSED] - Tapped on element 'Object Repository/login/android.widget.TextView - LOGIN'

14-02-2024T17:57:28 - [TEST_STEP][PASSED] - tap(findTestObject("Object Repository/login/username tap"), 0): Tapped on element 'Object Repository/login/username tap'

14-02-2024T17:57:28 - [MESSAGE][WARNING] - Timeout '0' is invalid. Using default page load timeout: '30'

14-02-2024T17:57:31 - [MESSAGE][PASSED] - Tapped on element 'Object Repository/login/username tap'

14-02-2024T17:57:31 - [TEST_STEP][PASSED] - setText(findTestObject("Object Repository/login/input username"), username, 0): Text 'muezza' has been set to element 'Object Repository/login/input username'

14-02-2024T17:57:31 - [MESSAGE][WARNING] - Timeout '0' is invalid. Using default page load timeout: '30'

14-02-2024T17:57:39 - [MESSAGE][PASSED] - Text 'muezza' has been set to element 'Object Repository/login/input username'

14-02-2024T17:57:39 - [TEST_STEP][PASSED] - tap(findTestObject("Object Repository/login/password tap"), 0): Tapped on element 'Object Repository/login/password tap'

14-02-2024T17:57:39 - [MESSAGE][WARNING] - Timeout '0' is invalid. Using default page load timeout: '30'

14-02-2024T17:57:40 - [MESSAGE][PASSED] - Tapped on element 'Object Repository/login/password tap'

14-02-2024T17:57:40 - [TEST_STEP][PASSED] - setText(findTestObject("Object Repository/login/input password"), password, 0): Text 'islam12A' has been set to element 'Object Repository/login/input password'

14-02-2024T17:57:40 - [MESSAGE][WARNING] - Timeout '0' is invalid. Using default page load timeout: '30'

14-02-2024T17:57:43 - [MESSAGE][PASSED] - Text 'islam12A' has been set to element 'Object Repository/login/input password'

14-02-2024T17:57:43 - [TEST_STEP][PASSED] - tap(findTestObject("Object Repository/login/android.widget.Button - LOGIN"), 0): Tapped on element 'Object Repository/login/android.widget.Button - LOGIN'

14-02-2024T17:57:43 - [MESSAGE][WARNING] - Timeout '0' is invalid. Using default page load timeout: '30'

14-02-2024T17:57:45 - [MESSAGE][PASSED] - Tapped on element 'Object Repository/login/android.widget.Button - LOGIN'

14-02-2024T17:57:45 - [TEST_STEP][PASSED] - waitTime = 10: null

14-02-2024T17:57:45 - [TEST_STEP][PASSED] - if (waitForElementPresent(findTestObject("Object Repository/login/uname pass incorrect"), waitTime, OPTIONAL)): null

14-02-2024T17:57:50 - [MESSAGE][PASSED] - Element 'Object Repository/login/uname pass incorrect' is present

14-02-2024T17:57:50 - [TEST_STEP][PASSED] - println("Username atau password salah!"): null

14-02-2024T17:57:50 - [TEST_STEP][PASSED] - closeApplication(): Close app successfully

14-02-2024T17:57:55 - [MESSAGE][PASSED] - Close app successfully

14-02-2024T17:57:57 - [TEST_STEP][PASSED] - Video: Video recording for test case 'Test Cases/login data driven' .

14-02-2024T17:57:57 - [MESSAGE][INFO] - Video recording for test case 'Test Cases/login data driven' .]]></system-out>
         <system-err><![CDATA[]]></system-err>
      </testcase>
      <testcase name="Test Cases/login data driven" time="85.455" classname="Test Cases/login data driven" status="PASSED">
         <system-out><![CDATA[14-02-2024T17:57:57 - [TEST_CASE][PASSED] - Test Cases/login data driven: Test Cases/login data driven

14-02-2024T17:57:57 - [TEST_STEP][PASSED] - startApplication("C:\Users\ASUS\Downloads\Advantage+demo+3.2.apk", true): Started app at: 'C:\Users\ASUS\Downloads\Advantage+demo+3.2.apk'

14-02-2024T17:57:57 - [MESSAGE][INFO] - Detected NodeJS location: "C:\Program Files\nodejs\node.exe"

14-02-2024T17:58:03 - [MESSAGE][INFO] - PATH: C:\Program Files\nodejs;

14-02-2024T17:58:03 - [MESSAGE][INFO] - APPIUM_HOME: C:\Users\ASUS\.appium

14-02-2024T17:58:03 - [MESSAGE][INFO] - appium outlog: C:\Users\ASUS\Documents\Bismillah BFLP IT\BOOTCAMP IT\Katalon\katalon-finalmobile-clarissafatimah\Reports\20240214_175125\login_search\20240214_175125\appium.log

14-02-2024T17:58:03 - [MESSAGE][INFO] - appium errlog: C:\Users\ASUS\Documents\Bismillah BFLP IT\BOOTCAMP IT\Katalon\katalon-finalmobile-clarissafatimah\Reports\20240214_175125\login_search\20240214_175125\appium_error.log

14-02-2024T17:58:09 - [MESSAGE][INFO] - Appium server started on port 61,818

14-02-2024T17:58:36 - [MESSAGE][PASSED] - Started app at: 'C:\Users\ASUS\Downloads\Advantage+demo+3.2.apk'

14-02-2024T17:58:36 - [TEST_STEP][PASSED] - tap(findTestObject("Object Repository/login/android.widget.ImageView"), 0): Tapped on element 'Object Repository/login/android.widget.ImageView'

14-02-2024T17:58:36 - [MESSAGE][WARNING] - Timeout '0' is invalid. Using default page load timeout: '30'

14-02-2024T17:58:42 - [MESSAGE][PASSED] - Tapped on element 'Object Repository/login/android.widget.ImageView'

14-02-2024T17:58:42 - [TEST_STEP][PASSED] - tap(findTestObject("Object Repository/login/android.widget.TextView - LOGIN"), 0): Tapped on element 'Object Repository/login/android.widget.TextView - LOGIN'

14-02-2024T17:58:42 - [MESSAGE][WARNING] - Timeout '0' is invalid. Using default page load timeout: '30'

14-02-2024T17:58:44 - [MESSAGE][PASSED] - Tapped on element 'Object Repository/login/android.widget.TextView - LOGIN'

14-02-2024T17:58:44 - [TEST_STEP][PASSED] - tap(findTestObject("Object Repository/login/username tap"), 0): Tapped on element 'Object Repository/login/username tap'

14-02-2024T17:58:45 - [MESSAGE][WARNING] - Timeout '0' is invalid. Using default page load timeout: '30'

14-02-2024T17:58:47 - [MESSAGE][PASSED] - Tapped on element 'Object Repository/login/username tap'

14-02-2024T17:58:47 - [TEST_STEP][PASSED] - setText(findTestObject("Object Repository/login/input username"), username, 0): Text 'clae12' has been set to element 'Object Repository/login/input username'

14-02-2024T17:58:47 - [MESSAGE][WARNING] - Timeout '0' is invalid. Using default page load timeout: '30'

14-02-2024T17:58:51 - [MESSAGE][PASSED] - Text 'clae12' has been set to element 'Object Repository/login/input username'

14-02-2024T17:58:51 - [TEST_STEP][PASSED] - tap(findTestObject("Object Repository/login/password tap"), 0): Tapped on element 'Object Repository/login/password tap'

14-02-2024T17:58:51 - [MESSAGE][WARNING] - Timeout '0' is invalid. Using default page load timeout: '30'

14-02-2024T17:58:52 - [MESSAGE][PASSED] - Tapped on element 'Object Repository/login/password tap'

14-02-2024T17:58:52 - [TEST_STEP][PASSED] - setText(findTestObject("Object Repository/login/input password"), password, 0): Text '1234!aA' has been set to element 'Object Repository/login/input password'

14-02-2024T17:58:52 - [MESSAGE][WARNING] - Timeout '0' is invalid. Using default page load timeout: '30'

14-02-2024T17:58:56 - [MESSAGE][PASSED] - Text '1234!aA' has been set to element 'Object Repository/login/input password'

14-02-2024T17:58:56 - [TEST_STEP][PASSED] - tap(findTestObject("Object Repository/login/android.widget.Button - LOGIN"), 0): Tapped on element 'Object Repository/login/android.widget.Button - LOGIN'

14-02-2024T17:58:56 - [MESSAGE][WARNING] - Timeout '0' is invalid. Using default page load timeout: '30'

14-02-2024T17:58:58 - [MESSAGE][PASSED] - Tapped on element 'Object Repository/login/android.widget.Button - LOGIN'

14-02-2024T17:58:58 - [TEST_STEP][PASSED] - waitTime = 10: null

14-02-2024T17:58:58 - [TEST_STEP][PASSED] - if (waitForElementPresent(findTestObject("Object Repository/login/uname pass incorrect"), waitTime, OPTIONAL)): Object Object Repository/login/uname pass incorrect not found

14-02-2024T17:59:08 - [MESSAGE][WARNING] - Object Object Repository/login/uname pass incorrect not found

14-02-2024T17:59:08 - [TEST_STEP][PASSED] - else: Tapped on element 'Object Repository/login/home'

14-02-2024T17:59:08 - [TEST_STEP][PASSED] - println("Login berhasil!"): null

14-02-2024T17:59:08 - [TEST_STEP][PASSED] - tap(findTestObject("Object Repository/login/loggin yes"), 0): Tapped on element 'Object Repository/login/loggin yes'

14-02-2024T17:59:08 - [MESSAGE][WARNING] - Timeout '0' is invalid. Using default page load timeout: '30'

14-02-2024T17:59:08 - [MESSAGE][PASSED] - Tapped on element 'Object Repository/login/loggin yes'

14-02-2024T17:59:08 - [TEST_STEP][PASSED] - tap(findTestObject("Object Repository/login/home"), 0): Tapped on element 'Object Repository/login/home'

14-02-2024T17:59:08 - [MESSAGE][WARNING] - Timeout '0' is invalid. Using default page load timeout: '30'

14-02-2024T17:59:15 - [MESSAGE][PASSED] - Tapped on element 'Object Repository/login/home'

14-02-2024T17:59:15 - [TEST_STEP][PASSED] - closeApplication(): Close app successfully

14-02-2024T17:59:18 - [MESSAGE][INFO] - Cannot close application! An unknown server-side error occurred while processing the command. Original error: 'com.google.android.apps.nexuslauncher' is still running after 500ms timeout
Build info: version: '3.141.59', revision: 'e82be7d358', time: '2018-11-14T08:25:53'
System info: host: 'LAPTOP-86QR281O', ip: '172.20.10.3', os.name: 'Windows 11', os.arch: 'amd64', os.version: '10.0', java.version: '17.0.7'
Driver info: com.kms.katalon.core.appium.driver.SwipeableAndroidDriver
Capabilities {app: C:\Users\ASUS\Downloads\Adv..., appPackage: com.Advantage.aShopping, autoGrantPermissions: true, automationName: uiautomator2, databaseEnabled: false, desired: {app: C:\Users\ASUS\Downloads\Adv..., autoGrantPermissions: true, automationName: uiautomator2, deviceName: emulator-5554 (sdk_gphone64..., fullReset: true, newCommandTimeout: 1800, noReset: false, platformName: android, platformVersion: 14, systemPort: 61817, udid: emulator-5554}, deviceApiLevel: 34, deviceManufacturer: Google, deviceModel: sdk_gphone64_x86_64, deviceName: emulator-5554, deviceScreenDensity: 560, deviceScreenSize: 1440x3120, deviceUDID: emulator-5554, fullReset: true, javascriptEnabled: true, locationContextEnabled: false, networkConnectionEnabled: true, newCommandTimeout: 1800, noReset: false, pixelRatio: 3.5, platform: LINUX, platformName: Android, platformVersion: 14, statBarHeight: 144, systemPort: 61817, takesScreenshot: true, udid: emulator-5554, viewportRect: {height: 2976, left: 0, top: 144, width: 1440}, warnings: {}, webStorageEnabled: false}
Session ID: e1d97daa-e361-43c4-9cbe-66a64f418cc5

14-02-2024T17:59:20 - [MESSAGE][PASSED] - Close app successfully

14-02-2024T17:59:22 - [TEST_STEP][PASSED] - Video: Video recording for test case 'Test Cases/login data driven' .

14-02-2024T17:59:22 - [MESSAGE][INFO] - Video recording for test case 'Test Cases/login data driven' .]]></system-out>
         <system-err><![CDATA[]]></system-err>
      </testcase>
      <system-out><![CDATA[14-02-2024T17:51:37 - [TEST_SUITE][FAILED] - login_search: Test Cases/login data driven FAILED.
Reason:
com.kms.katalon.core.exception.StepFailedException: Failed to tap on element 'Object Repository/login/android.widget.ImageView'
	at com.kms.katalon.core.mobile.keyword.internal.MobileKeywordMain.stepFailed(MobileKeywordMain.groovy:38)
	at com.kms.katalon.core.mobile.keyword.internal.MobileKeywordMain.runKeyword(MobileKeywordMain.groovy:21)
	at com.kms.katalon.core.mobile.keyword.builtin.TapKeyword.tap(TapKeyword.groovy:51)
	at com.kms.katalon.core.mobile.keyword.builtin.TapKeyword.execute(TapKeyword.groovy:35)
	at com.kms.katalon.core.keyword.internal.KeywordExecutor.executeKeywordForPlatform(KeywordExecutor.groovy:74)
	at com.kms.katalon.core.mobile.keyword.MobileBuiltInKeywords.tap(MobileBuiltInKeywords.groovy:1490)
	at login data driven.run(login data driven:22)
	at com.kms.katalon.core.main.ScriptEngine.run(ScriptEngine.java:194)
	at com.kms.katalon.core.main.ScriptEngine.runScriptAsRawText(ScriptEngine.java:119)
	at com.kms.katalon.core.main.TestCaseExecutor.runScript(TestCaseExecutor.java:448)
	at com.kms.katalon.core.main.TestCaseExecutor.doExecute(TestCaseExecutor.java:439)
	at com.kms.katalon.core.main.TestCaseExecutor.processExecutionPhase(TestCaseExecutor.java:418)
	at com.kms.katalon.core.main.TestCaseExecutor.accessMainPhase(TestCaseExecutor.java:410)
	at com.kms.katalon.core.main.TestCaseExecutor.execute(TestCaseExecutor.java:285)
	at com.kms.katalon.core.common.CommonExecutor.accessTestCaseMainPhase(CommonExecutor.java:65)
	at com.kms.katalon.core.main.TestSuiteExecutor.accessTestSuiteMainPhase(TestSuiteExecutor.java:148)
	at com.kms.katalon.core.main.TestSuiteExecutor.execute(TestSuiteExecutor.java:106)
	at com.kms.katalon.core.main.TestCaseMain.startTestSuite(TestCaseMain.java:180)
	at TempTestSuite1707907885480.run(TempTestSuite1707907885480.groovy:36)
	at java.base/jdk.internal.reflect.NativeMethodAccessorImpl.invoke0(Native Method)
	at java.base/jdk.internal.reflect.NativeMethodAccessorImpl.invoke(NativeMethodAccessorImpl.java:77)
	at java.base/jdk.internal.reflect.DelegatingMethodAccessorImpl.invoke(DelegatingMethodAccessorImpl.java:43)
Caused by: com.kms.katalon.core.exception.StepFailedException: Object Object Repository/login/android.widget.ImageView not found
	at com.kms.katalon.core.mobile.keyword.internal.MobileKeywordMain.stepFailed(MobileKeywordMain.groovy:38)
	at com.kms.katalon.core.mobile.keyword.builtin.TapKeyword$_tap_closure1.doCall(TapKeyword.groovy:46)
	at com.kms.katalon.core.mobile.keyword.builtin.TapKeyword$_tap_closure1.call(TapKeyword.groovy)
	at com.kms.katalon.core.mobile.keyword.internal.MobileKeywordMain.runKeyword(MobileKeywordMain.groovy:19)
	... 20 more]]></system-out>
      <system-err><![CDATA[14-02-2024T17:51:37 - [TEST_SUITE][FAILED] - login_search: Test Cases/login data driven FAILED.
Reason:
com.kms.katalon.core.exception.StepFailedException: Failed to tap on element 'Object Repository/login/android.widget.ImageView'
	at com.kms.katalon.core.mobile.keyword.internal.MobileKeywordMain.stepFailed(MobileKeywordMain.groovy:38)
	at com.kms.katalon.core.mobile.keyword.internal.MobileKeywordMain.runKeyword(MobileKeywordMain.groovy:21)
	at com.kms.katalon.core.mobile.keyword.builtin.TapKeyword.tap(TapKeyword.groovy:51)
	at com.kms.katalon.core.mobile.keyword.builtin.TapKeyword.execute(TapKeyword.groovy:35)
	at com.kms.katalon.core.keyword.internal.KeywordExecutor.executeKeywordForPlatform(KeywordExecutor.groovy:74)
	at com.kms.katalon.core.mobile.keyword.MobileBuiltInKeywords.tap(MobileBuiltInKeywords.groovy:1490)
	at login data driven.run(login data driven:22)
	at com.kms.katalon.core.main.ScriptEngine.run(ScriptEngine.java:194)
	at com.kms.katalon.core.main.ScriptEngine.runScriptAsRawText(ScriptEngine.java:119)
	at com.kms.katalon.core.main.TestCaseExecutor.runScript(TestCaseExecutor.java:448)
	at com.kms.katalon.core.main.TestCaseExecutor.doExecute(TestCaseExecutor.java:439)
	at com.kms.katalon.core.main.TestCaseExecutor.processExecutionPhase(TestCaseExecutor.java:418)
	at com.kms.katalon.core.main.TestCaseExecutor.accessMainPhase(TestCaseExecutor.java:410)
	at com.kms.katalon.core.main.TestCaseExecutor.execute(TestCaseExecutor.java:285)
	at com.kms.katalon.core.common.CommonExecutor.accessTestCaseMainPhase(CommonExecutor.java:65)
	at com.kms.katalon.core.main.TestSuiteExecutor.accessTestSuiteMainPhase(TestSuiteExecutor.java:148)
	at com.kms.katalon.core.main.TestSuiteExecutor.execute(TestSuiteExecutor.java:106)
	at com.kms.katalon.core.main.TestCaseMain.startTestSuite(TestCaseMain.java:180)
	at TempTestSuite1707907885480.run(TempTestSuite1707907885480.groovy:36)
	at java.base/jdk.internal.reflect.NativeMethodAccessorImpl.invoke0(Native Method)
	at java.base/jdk.internal.reflect.NativeMethodAccessorImpl.invoke(NativeMethodAccessorImpl.java:77)
	at java.base/jdk.internal.reflect.DelegatingMethodAccessorImpl.invoke(DelegatingMethodAccessorImpl.java:43)
Caused by: com.kms.katalon.core.exception.StepFailedException: Object Object Repository/login/android.widget.ImageView not found
	at com.kms.katalon.core.mobile.keyword.internal.MobileKeywordMain.stepFailed(MobileKeywordMain.groovy:38)
	at com.kms.katalon.core.mobile.keyword.builtin.TapKeyword$_tap_closure1.doCall(TapKeyword.groovy:46)
	at com.kms.katalon.core.mobile.keyword.builtin.TapKeyword$_tap_closure1.call(TapKeyword.groovy)
	at com.kms.katalon.core.mobile.keyword.internal.MobileKeywordMain.runKeyword(MobileKeywordMain.groovy:19)
	... 20 more]]></system-err>
   </testsuite>
</testsuites>
