<?xml version="1.0" encoding="UTF-8"?>
<testsuites name="login" time="372.164" tests="3" failures="0" errors="0">
   <testsuite name="login" tests="3" failures="0" errors="0" time="372.164" skipped="0" timestamp="14-02-2024T09:18:40" hostname="ASUS - LAPTOP-86QR281O" id="Test Suites/login">
      <properties>
         <property name="deviceName" value="emulator-5554 (sdk_gphone64_x86_64 - Android 14)"/>
         <property name="devicePlatform" value=""/>
         <property name="logFolder" value="C:\\Users\\ASUS\\Documents\\Bismillah BFLP IT\\BOOTCAMP IT\\Katalon\\katalon-finalmobile-clarissafatimah\\Reports\\20240214_091831\\login\\20240214_091831"/>
         <property name="logFiles" value="C:\\Users\\ASUS\\Documents\\Bismillah BFLP IT\\BOOTCAMP IT\\Katalon\\katalon-finalmobile-clarissafatimah\\Reports\\20240214_091831\\login\\20240214_091831\\appium.log, C:\\Users\\ASUS\\Documents\\Bismillah BFLP IT\\BOOTCAMP IT\\Katalon\\katalon-finalmobile-clarissafatimah\\Reports\\20240214_091831\\login\\20240214_091831\\appium_error.log, C:\\Users\\ASUS\\Documents\\Bismillah BFLP IT\\BOOTCAMP IT\\Katalon\\katalon-finalmobile-clarissafatimah\\Reports\\20240214_091831\\login\\20240214_091831\\execution0.log"/>
         <property name="attachments" value="C:\\Users\\ASUS\\Documents\\Bismillah BFLP IT\\BOOTCAMP IT\\Katalon\\katalon-finalmobile-clarissafatimah\\Reports\\20240214_091831\\login\\20240214_091831\\1707877296311.png, C:\\Users\\ASUS\\Documents\\Bismillah BFLP IT\\BOOTCAMP IT\\Katalon\\katalon-finalmobile-clarissafatimah\\Reports\\20240214_091831\\login\\20240214_091831\\1707877298070.png, C:\\Users\\ASUS\\Documents\\Bismillah BFLP IT\\BOOTCAMP IT\\Katalon\\katalon-finalmobile-clarissafatimah\\Reports\\20240214_091831\\login\\20240214_091831\\1707877420592.png, C:\\Users\\ASUS\\Documents\\Bismillah BFLP IT\\BOOTCAMP IT\\Katalon\\katalon-finalmobile-clarissafatimah\\Reports\\20240214_091831\\login\\20240214_091831\\1707877422038.png"/>
         <property name="hostName" value="ASUS - LAPTOP-86QR281O"/>
         <property name="os" value="Windows 11 64bit"/>
         <property name="appiumServerStatus" value="{&quot;value&quot;:{&quot;ready&quot;:true,&quot;message&quot;:&quot;The server is ready to accept new connections&quot;,&quot;build&quot;:{&quot;version&quot;:&quot;2.5.0&quot;}}}"/>
         <property name="katalonVersion" value="9.3.0.212"/>
         <property name="deviceOS" value="Android"/>
         <property name="appiumVersion" value="2.5.0"/>
         <property name="deviceModel" value="sdk_gphone64_x86_64"/>
         <property name="hostAddress" value="192.168.18.137"/>
         <property name="deviceManufacturer" value="Google"/>
         <property name="deviceId" value="emulator-5554"/>
         <property name="deviceName" value="emulator-5554 (sdk_gphone64_x86_64 - Android 14)"/>
         <property name="deviceOSVersion" value="14"/>
      </properties>
      <testcase name="Test Cases/login" time="66.882" classname="Test Cases/login" status="PASSED">
         <system-out><![CDATA[14-02-2024T09:18:41 - [TEST_CASE][PASSED] - Test Cases/login: Test Cases/login

14-02-2024T09:18:43 - [TEST_STEP][PASSED] - startApplication("C:\Users\ASUS\Downloads\Advantage+demo+3.2.apk", true): Started app at: 'C:\Users\ASUS\Downloads\Advantage+demo+3.2.apk'

14-02-2024T09:18:44 - [MESSAGE][INFO] - Detected NodeJS location: "C:\Program Files\nodejs\node.exe"

14-02-2024T09:18:55 - [MESSAGE][INFO] - PATH: C:\Program Files\nodejs;

14-02-2024T09:18:55 - [MESSAGE][INFO] - APPIUM_HOME: C:\Users\ASUS\.appium

14-02-2024T09:18:55 - [MESSAGE][INFO] - appium outlog: C:\Users\ASUS\Documents\Bismillah BFLP IT\BOOTCAMP IT\Katalon\katalon-finalmobile-clarissafatimah\Reports\20240214_091831\login\20240214_091831\appium.log

14-02-2024T09:18:55 - [MESSAGE][INFO] - appium errlog: C:\Users\ASUS\Documents\Bismillah BFLP IT\BOOTCAMP IT\Katalon\katalon-finalmobile-clarissafatimah\Reports\20240214_091831\login\20240214_091831\appium_error.log

14-02-2024T09:19:01 - [MESSAGE][INFO] - Appium server started on port 64,641

14-02-2024T09:19:23 - [MESSAGE][PASSED] - Started app at: 'C:\Users\ASUS\Downloads\Advantage+demo+3.2.apk'

14-02-2024T09:19:23 - [TEST_STEP][PASSED] - tap(findTestObject("Object Repository/login/android.widget.ImageView"), 0): Tapped on element 'Object Repository/login/android.widget.ImageView'

14-02-2024T09:19:23 - [MESSAGE][WARNING] - Timeout '0' is invalid. Using default page load timeout: '30'

14-02-2024T09:19:27 - [MESSAGE][PASSED] - Tapped on element 'Object Repository/login/android.widget.ImageView'

14-02-2024T09:19:27 - [TEST_STEP][PASSED] - tap(findTestObject("Object Repository/login/android.widget.TextView - LOGIN"), 0): Tapped on element 'Object Repository/login/android.widget.TextView - LOGIN'

14-02-2024T09:19:28 - [MESSAGE][WARNING] - Timeout '0' is invalid. Using default page load timeout: '30'

14-02-2024T09:19:30 - [MESSAGE][PASSED] - Tapped on element 'Object Repository/login/android.widget.TextView - LOGIN'

14-02-2024T09:19:30 - [TEST_STEP][PASSED] - tap(findTestObject("Object Repository/login/username tap"), 0): Tapped on element 'Object Repository/login/username tap'

14-02-2024T09:19:30 - [MESSAGE][WARNING] - Timeout '0' is invalid. Using default page load timeout: '30'

14-02-2024T09:19:32 - [MESSAGE][PASSED] - Tapped on element 'Object Repository/login/username tap'

14-02-2024T09:19:32 - [TEST_STEP][PASSED] - setText(findTestObject("Object Repository/login/input username"), username, 0): Text 'nora' has been set to element 'Object Repository/login/input username'

14-02-2024T09:19:33 - [MESSAGE][WARNING] - Timeout '0' is invalid. Using default page load timeout: '30'

14-02-2024T09:19:36 - [MESSAGE][PASSED] - Text 'nora' has been set to element 'Object Repository/login/input username'

14-02-2024T09:19:36 - [TEST_STEP][PASSED] - tap(findTestObject("Object Repository/login/password tap"), 0): Tapped on element 'Object Repository/login/password tap'

14-02-2024T09:19:36 - [MESSAGE][WARNING] - Timeout '0' is invalid. Using default page load timeout: '30'

14-02-2024T09:19:38 - [MESSAGE][PASSED] - Tapped on element 'Object Repository/login/password tap'

14-02-2024T09:19:38 - [TEST_STEP][PASSED] - setText(findTestObject("Object Repository/login/input password"), password, 0): Text '1234!sdA' has been set to element 'Object Repository/login/input password'

14-02-2024T09:19:38 - [MESSAGE][WARNING] - Timeout '0' is invalid. Using default page load timeout: '30'

14-02-2024T09:19:41 - [MESSAGE][PASSED] - Text '1234!sdA' has been set to element 'Object Repository/login/input password'

14-02-2024T09:19:41 - [TEST_STEP][PASSED] - tap(findTestObject("Object Repository/login/android.widget.Button - LOGIN"), 0): Tapped on element 'Object Repository/login/android.widget.Button - LOGIN'

14-02-2024T09:19:41 - [MESSAGE][WARNING] - Timeout '0' is invalid. Using default page load timeout: '30'

14-02-2024T09:19:43 - [MESSAGE][PASSED] - Tapped on element 'Object Repository/login/android.widget.Button - LOGIN'

14-02-2024T09:19:43 - [TEST_STEP][PASSED] - waitTime = 10: null

14-02-2024T09:19:43 - [TEST_STEP][PASSED] - if (waitForElementPresent(findTestObject("Object Repository/login/uname pass incorrect"), waitTime, OPTIONAL)): null

14-02-2024T09:19:46 - [MESSAGE][PASSED] - Element 'Object Repository/login/uname pass incorrect' is present

14-02-2024T09:19:46 - [TEST_STEP][PASSED] - println("Username atau password salah!"): null

14-02-2024T09:19:48 - [TEST_STEP][PASSED] - Video: Video recording for test case 'Test Cases/login' .

14-02-2024T09:19:48 - [MESSAGE][INFO] - Video recording for test case 'Test Cases/login' .]]></system-out>
         <system-err><![CDATA[]]></system-err>
      </testcase>
      <testcase name="Test Cases/login" time="43.109" classname="Test Cases/login" status="PASSED">
         <system-out><![CDATA[14-02-2024T09:21:41 - [TEST_CASE][PASSED] - Test Cases/login: Test Cases/login

14-02-2024T09:21:41 - [TEST_STEP][PASSED] - startApplication("C:\Users\ASUS\Downloads\Advantage+demo+3.2.apk", true): Started app at: 'C:\Users\ASUS\Downloads\Advantage+demo+3.2.apk'

14-02-2024T09:22:01 - [MESSAGE][PASSED] - Started app at: 'C:\Users\ASUS\Downloads\Advantage+demo+3.2.apk'

14-02-2024T09:22:01 - [TEST_STEP][PASSED] - tap(findTestObject("Object Repository/login/android.widget.ImageView"), 0): Tapped on element 'Object Repository/login/android.widget.ImageView'

14-02-2024T09:22:01 - [MESSAGE][WARNING] - Timeout '0' is invalid. Using default page load timeout: '30'

14-02-2024T09:22:05 - [MESSAGE][PASSED] - Tapped on element 'Object Repository/login/android.widget.ImageView'

14-02-2024T09:22:05 - [TEST_STEP][PASSED] - tap(findTestObject("Object Repository/login/android.widget.TextView - LOGIN"), 0): Tapped on element 'Object Repository/login/android.widget.TextView - LOGIN'

14-02-2024T09:22:05 - [MESSAGE][WARNING] - Timeout '0' is invalid. Using default page load timeout: '30'

14-02-2024T09:22:06 - [MESSAGE][PASSED] - Tapped on element 'Object Repository/login/android.widget.TextView - LOGIN'

14-02-2024T09:22:06 - [TEST_STEP][PASSED] - tap(findTestObject("Object Repository/login/username tap"), 0): Tapped on element 'Object Repository/login/username tap'

14-02-2024T09:22:06 - [MESSAGE][WARNING] - Timeout '0' is invalid. Using default page load timeout: '30'

14-02-2024T09:22:09 - [MESSAGE][PASSED] - Tapped on element 'Object Repository/login/username tap'

14-02-2024T09:22:09 - [TEST_STEP][PASSED] - setText(findTestObject("Object Repository/login/input username"), username, 0): Text 'muezza' has been set to element 'Object Repository/login/input username'

14-02-2024T09:22:09 - [MESSAGE][WARNING] - Timeout '0' is invalid. Using default page load timeout: '30'

14-02-2024T09:22:12 - [MESSAGE][PASSED] - Text 'muezza' has been set to element 'Object Repository/login/input username'

14-02-2024T09:22:12 - [TEST_STEP][PASSED] - tap(findTestObject("Object Repository/login/password tap"), 0): Tapped on element 'Object Repository/login/password tap'

14-02-2024T09:22:12 - [MESSAGE][WARNING] - Timeout '0' is invalid. Using default page load timeout: '30'

14-02-2024T09:22:13 - [MESSAGE][PASSED] - Tapped on element 'Object Repository/login/password tap'

14-02-2024T09:22:13 - [TEST_STEP][PASSED] - setText(findTestObject("Object Repository/login/input password"), password, 0): Text 'islam12A' has been set to element 'Object Repository/login/input password'

14-02-2024T09:22:13 - [MESSAGE][WARNING] - Timeout '0' is invalid. Using default page load timeout: '30'

14-02-2024T09:22:16 - [MESSAGE][PASSED] - Text 'islam12A' has been set to element 'Object Repository/login/input password'

14-02-2024T09:22:16 - [TEST_STEP][PASSED] - tap(findTestObject("Object Repository/login/android.widget.Button - LOGIN"), 0): Tapped on element 'Object Repository/login/android.widget.Button - LOGIN'

14-02-2024T09:22:16 - [MESSAGE][WARNING] - Timeout '0' is invalid. Using default page load timeout: '30'

14-02-2024T09:22:18 - [MESSAGE][PASSED] - Tapped on element 'Object Repository/login/android.widget.Button - LOGIN'

14-02-2024T09:22:18 - [TEST_STEP][PASSED] - waitTime = 10: null

14-02-2024T09:22:18 - [TEST_STEP][PASSED] - if (waitForElementPresent(findTestObject("Object Repository/login/uname pass incorrect"), waitTime, OPTIONAL)): null

14-02-2024T09:22:22 - [MESSAGE][PASSED] - Element 'Object Repository/login/uname pass incorrect' is present

14-02-2024T09:22:22 - [TEST_STEP][PASSED] - println("Username atau password salah!"): null

14-02-2024T09:22:24 - [TEST_STEP][PASSED] - Video: Video recording for test case 'Test Cases/login' .

14-02-2024T09:22:24 - [MESSAGE][INFO] - Video recording for test case 'Test Cases/login' .]]></system-out>
         <system-err><![CDATA[]]></system-err>
      </testcase>
      <testcase name="Test Cases/login" time="48.837" classname="Test Cases/login" status="PASSED">
         <system-out><![CDATA[14-02-2024T09:24:04 - [TEST_CASE][PASSED] - Test Cases/login: Test Cases/login

14-02-2024T09:24:04 - [TEST_STEP][PASSED] - startApplication("C:\Users\ASUS\Downloads\Advantage+demo+3.2.apk", true): Started app at: 'C:\Users\ASUS\Downloads\Advantage+demo+3.2.apk'

14-02-2024T09:24:16 - [MESSAGE][PASSED] - Started app at: 'C:\Users\ASUS\Downloads\Advantage+demo+3.2.apk'

14-02-2024T09:24:16 - [TEST_STEP][PASSED] - tap(findTestObject("Object Repository/login/android.widget.ImageView"), 0): Tapped on element 'Object Repository/login/android.widget.ImageView'

14-02-2024T09:24:16 - [MESSAGE][WARNING] - Timeout '0' is invalid. Using default page load timeout: '30'

14-02-2024T09:24:21 - [MESSAGE][PASSED] - Tapped on element 'Object Repository/login/android.widget.ImageView'

14-02-2024T09:24:21 - [TEST_STEP][PASSED] - tap(findTestObject("Object Repository/login/android.widget.TextView - LOGIN"), 0): Tapped on element 'Object Repository/login/android.widget.TextView - LOGIN'

14-02-2024T09:24:21 - [MESSAGE][WARNING] - Timeout '0' is invalid. Using default page load timeout: '30'

14-02-2024T09:24:22 - [MESSAGE][PASSED] - Tapped on element 'Object Repository/login/android.widget.TextView - LOGIN'

14-02-2024T09:24:22 - [TEST_STEP][PASSED] - tap(findTestObject("Object Repository/login/username tap"), 0): Tapped on element 'Object Repository/login/username tap'

14-02-2024T09:24:22 - [MESSAGE][WARNING] - Timeout '0' is invalid. Using default page load timeout: '30'

14-02-2024T09:24:25 - [MESSAGE][PASSED] - Tapped on element 'Object Repository/login/username tap'

14-02-2024T09:24:25 - [TEST_STEP][PASSED] - setText(findTestObject("Object Repository/login/input username"), username, 0): Text 'clae12' has been set to element 'Object Repository/login/input username'

14-02-2024T09:24:25 - [MESSAGE][WARNING] - Timeout '0' is invalid. Using default page load timeout: '30'

14-02-2024T09:24:28 - [MESSAGE][PASSED] - Text 'clae12' has been set to element 'Object Repository/login/input username'

14-02-2024T09:24:28 - [TEST_STEP][PASSED] - tap(findTestObject("Object Repository/login/password tap"), 0): Tapped on element 'Object Repository/login/password tap'

14-02-2024T09:24:28 - [MESSAGE][WARNING] - Timeout '0' is invalid. Using default page load timeout: '30'

14-02-2024T09:24:29 - [MESSAGE][PASSED] - Tapped on element 'Object Repository/login/password tap'

14-02-2024T09:24:29 - [TEST_STEP][PASSED] - setText(findTestObject("Object Repository/login/input password"), password, 0): Text '1234!aA' has been set to element 'Object Repository/login/input password'

14-02-2024T09:24:29 - [MESSAGE][WARNING] - Timeout '0' is invalid. Using default page load timeout: '30'

14-02-2024T09:24:32 - [MESSAGE][PASSED] - Text '1234!aA' has been set to element 'Object Repository/login/input password'

14-02-2024T09:24:32 - [TEST_STEP][PASSED] - tap(findTestObject("Object Repository/login/android.widget.Button - LOGIN"), 0): Tapped on element 'Object Repository/login/android.widget.Button - LOGIN'

14-02-2024T09:24:32 - [MESSAGE][WARNING] - Timeout '0' is invalid. Using default page load timeout: '30'

14-02-2024T09:24:33 - [MESSAGE][PASSED] - Tapped on element 'Object Repository/login/android.widget.Button - LOGIN'

14-02-2024T09:24:33 - [TEST_STEP][PASSED] - waitTime = 10: null

14-02-2024T09:24:33 - [TEST_STEP][PASSED] - if (waitForElementPresent(findTestObject("Object Repository/login/uname pass incorrect"), waitTime, OPTIONAL)): Object Object Repository/login/uname pass incorrect not found

14-02-2024T09:24:43 - [MESSAGE][WARNING] - Object Object Repository/login/uname pass incorrect not found

14-02-2024T09:24:43 - [TEST_STEP][PASSED] - else: Tapped on element 'Object Repository/login/home'

14-02-2024T09:24:43 - [TEST_STEP][PASSED] - println("Login berhasil!"): null

14-02-2024T09:24:43 - [TEST_STEP][PASSED] - tap(findTestObject("Object Repository/login/loggin yes"), 0): Tapped on element 'Object Repository/login/loggin yes'

14-02-2024T09:24:43 - [MESSAGE][WARNING] - Timeout '0' is invalid. Using default page load timeout: '30'

14-02-2024T09:24:44 - [MESSAGE][PASSED] - Tapped on element 'Object Repository/login/loggin yes'

14-02-2024T09:24:44 - [TEST_STEP][PASSED] - tap(findTestObject("Object Repository/login/home"), 0): Tapped on element 'Object Repository/login/home'

14-02-2024T09:24:44 - [MESSAGE][WARNING] - Timeout '0' is invalid. Using default page load timeout: '30'

14-02-2024T09:24:50 - [MESSAGE][PASSED] - Tapped on element 'Object Repository/login/home'

14-02-2024T09:24:53 - [TEST_STEP][PASSED] - Video: Video recording for test case 'Test Cases/login' .

14-02-2024T09:24:53 - [MESSAGE][INFO] - Video recording for test case 'Test Cases/login' .]]></system-out>
         <system-err><![CDATA[]]></system-err>
      </testcase>
      <system-out><![CDATA[14-02-2024T09:18:40 - [TEST_SUITE][FAILED] - login: Test Cases/login FAILED.
Reason:
com.kms.katalon.core.exception.StepFailedException: Unable to start app at: 'C:\Users\ASUS\Downloads\Advantage+demo+3.2.apk'
	at com.kms.katalon.core.mobile.keyword.internal.MobileKeywordMain.stepFailed(MobileKeywordMain.groovy:38)
	at com.kms.katalon.core.mobile.keyword.internal.MobileKeywordMain.runKeyword(MobileKeywordMain.groovy:21)
	at com.kms.katalon.core.mobile.keyword.builtin.StartApplicationKeyword.startApplication(StartApplicationKeyword.groovy:63)
	at com.kms.katalon.core.mobile.keyword.builtin.StartApplicationKeyword.execute(StartApplicationKeyword.groovy:42)
	at com.kms.katalon.core.keyword.internal.KeywordExecutor.executeKeywordForPlatform(KeywordExecutor.groovy:74)
	at com.kms.katalon.core.mobile.keyword.MobileBuiltInKeywords.startApplication(MobileBuiltInKeywords.groovy:78)
	at login.run(login:20)
	at com.kms.katalon.core.main.ScriptEngine.run(ScriptEngine.java:194)
	at com.kms.katalon.core.main.ScriptEngine.runScriptAsRawText(ScriptEngine.java:119)
	at com.kms.katalon.core.main.TestCaseExecutor.runScript(TestCaseExecutor.java:448)
	at com.kms.katalon.core.main.TestCaseExecutor.doExecute(TestCaseExecutor.java:439)
	at com.kms.katalon.core.main.TestCaseExecutor.processExecutionPhase(TestCaseExecutor.java:418)
	at com.kms.katalon.core.main.TestCaseExecutor.accessMainPhase(TestCaseExecutor.java:410)
	at com.kms.katalon.core.main.TestCaseExecutor.execute(TestCaseExecutor.java:285)
	at com.kms.katalon.core.common.CommonExecutor.accessTestCaseMainPhase(CommonExecutor.java:65)
	at com.kms.katalon.core.main.TestSuiteExecutor.accessTestSuiteMainPhase(TestSuiteExecutor.java:148)
	at com.kms.katalon.core.main.TestSuiteExecutor.execute(TestSuiteExecutor.java:106)
	at com.kms.katalon.core.main.TestCaseMain.startTestSuite(TestCaseMain.java:180)
	at TempTestSuite1707877111776.run(TempTestSuite1707877111776.groovy:36)
	at java.base/jdk.internal.reflect.NativeMethodAccessorImpl.invoke0(Native Method)
	at java.base/jdk.internal.reflect.NativeMethodAccessorImpl.invoke(NativeMethodAccessorImpl.java:77)
	at java.base/jdk.internal.reflect.DelegatingMethodAccessorImpl.invoke(DelegatingMethodAccessorImpl.java:43)
Caused by: org.openqa.selenium.SessionNotCreatedException: Unable to create a new remote session. Please check the server log for more details. Original error: An unknown server-side error occurred while processing the command. Original error: Cannot start the 'com.Advantage.aShopping' application. Consider checking the driver's troubleshooting documentation. Original error: 'com.Advantage.aShopping.SplashActivity' or 'com.Advantage.aShopping.com.Advantage.aShopping.SplashActivity' never started. Consider checking the driver's troubleshooting documentation.
Build info: version: '3.141.59', revision: 'e82be7d358', time: '2018-11-14T08:25:53'
System info: host: 'LAPTOP-86QR281O', ip: '192.168.18.137', os.name: 'Windows 11', os.arch: 'amd64', os.version: '10.0', java.version: '17.0.7'
Driver info: driver.version: SwipeableAndroidDriver
remote stacktrace: UnknownError: An unknown server-side error occurred while processing the command. Original error: Cannot start the 'com.Advantage.aShopping' application. Consider checking the driver's troubleshooting documentation. Original error: 'com.Advantage.aShopping.SplashActivity' or 'com.Advantage.aShopping.com.Advantage.aShopping.SplashActivity' never started. Consider checking the driver's troubleshooting documentation.
    at getResponseForW3CError (C:\Users\ASUS\AppData\Roaming\npm\node_modules\appium\node_modules\@appium\base-driver\lib\protocol\errors.js:1118:9)
    at asyncHandler (C:\Users\ASUS\AppData\Roaming\npm\node_modules\appium\node_modules\@appium\base-driver\lib\protocol\protocol.js:491:57)
Build info: version: '3.141.59', revision: 'e82be7d358', time: '2018-11-14T08:25:53'
System info: host: 'LAPTOP-86QR281O', ip: '192.168.18.137', os.name: 'Windows 11', os.arch: 'amd64', os.version: '10.0', java.version: '17.0.7'
Driver info: driver.version: SwipeableAndroidDriver
	at io.appium.java_client.remote.AppiumCommandExecutor$1.createSession(AppiumCommandExecutor.java:208)
	at io.appium.java_client.remote.AppiumCommandExecutor.createSession(AppiumCommandExecutor.java:217)
	at io.appium.java_client.remote.AppiumCommandExecutor.execute(AppiumCommandExecutor.java:239)
	at org.openqa.selenium.remote.RemoteWebDriver.execute(RemoteWebDriver.java:552)
	at io.appium.java_client.DefaultGenericMobileDriver.execute(DefaultGenericMobileDriver.java:42)
	at io.appium.java_client.AppiumDriver.execute(AppiumDriver.java:1)
	at io.appium.java_client.android.AndroidDriver.execute(AndroidDriver.java:1)
	at com.kms.katalon.core.appium.driver.SwipeableAndroidDriver.execute(SwipeableAndroidDriver.java:1)
	at org.openqa.selenium.remote.RemoteWebDriver.startSession(RemoteWebDriver.java:213)
	at org.openqa.selenium.remote.RemoteWebDriver.<init>(RemoteWebDriver.java:131)
	at io.appium.java_client.DefaultGenericMobileDriver.<init>(DefaultGenericMobileDriver.java:38)
	at io.appium.java_client.AppiumDriver.<init>(AppiumDriver.java:84)
	at io.appium.java_client.android.AndroidDriver.<init>(AndroidDriver.java:85)
	at com.kms.katalon.core.appium.driver.SwipeableAndroidDriver.<init>(SwipeableAndroidDriver.java:23)
	at com.kms.katalon.core.appium.driver.AppiumDriverManager.createMobileDriver(AppiumDriverManager.java:560)
	at com.kms.katalon.core.appium.driver.AppiumDriverManager.createMobileDriver(AppiumDriverManager.java:542)
	at com.kms.katalon.core.mobile.keyword.internal.MobileDriverFactory.startLocalMobileDriver(MobileDriverFactory.java:589)
	at com.kms.katalon.core.mobile.keyword.internal.MobileDriverFactory.startMobileDriver(MobileDriverFactory.java:502)
	at com.kms.katalon.core.mobile.keyword.builtin.StartApplicationKeyword$_startApplication_closure1.doCall(StartApplicationKeyword.groovy:61)
	at com.kms.katalon.core.mobile.keyword.builtin.StartApplicationKeyword$_startApplication_closure1.call(StartApplicationKeyword.groovy)
	at com.kms.katalon.core.mobile.keyword.internal.MobileKeywordMain.runKeyword(MobileKeywordMain.groovy:19)
	at com.kms.katalon.core.mobile.keyword.builtin.StartApplicationKeyword.startApplication(StartApplicationKeyword.groovy:63)
	at com.kms.katalon.core.mobile.keyword.builtin.StartApplicationKeyword.execute(StartApplicationKeyword.groovy:42)
	at com.kms.katalon.core.keyword.internal.KeywordExecutor.executeKeywordForPlatform(KeywordExecutor.groovy:74)
	at com.kms.katalon.core.mobile.keyword.MobileBuiltInKeywords.startApplication(MobileBuiltInKeywords.groovy:78)
	at Script1707862145303.run(Script1707862145303.groovy:20)
	... 15 more
Caused by: java.lang.reflect.InvocationTargetException
	at java.base/jdk.internal.reflect.NativeMethodAccessorImpl.invoke0(Native Method)
	at java.base/jdk.internal.reflect.NativeMethodAccessorImpl.invoke(NativeMethodAccessorImpl.java:77)
	at java.base/jdk.internal.reflect.DelegatingMethodAccessorImpl.invoke(DelegatingMethodAccessorImpl.java:43)
	at io.appium.java_client.remote.AppiumCommandExecutor$1.createSession(AppiumCommandExecutor.java:186)
	... 40 more
Caused by: org.openqa.selenium.WebDriverException: An unknown server-side error occurred while processing the command. Original error: Cannot start the 'com.Advantage.aShopping' application. Consider checking the driver's troubleshooting documentation. Original error: 'com.Advantage.aShopping.SplashActivity' or 'com.Advantage.aShopping.com.Advantage.aShopping.SplashActivity' never started. Consider checking the driver's troubleshooting documentation.
Build info: version: '3.141.59', revision: 'e82be7d358', time: '2018-11-14T08:25:53'
System info: host: 'LAPTOP-86QR281O', ip: '192.168.18.137', os.name: 'Windows 11', os.arch: 'amd64', os.version: '10.0', java.version: '17.0.7'
Driver info: driver.version: SwipeableAndroidDriver
remote stacktrace: UnknownError: An unknown server-side error occurred while processing the command. Original error: Cannot start the 'com.Advantage.aShopping' application. Consider checking the driver's troubleshooting documentation. Original error: 'com.Advantage.aShopping.SplashActivity' or 'com.Advantage.aShopping.com.Advantage.aShopping.SplashActivity' never started. Consider checking the driver's troubleshooting documentation.
    at getResponseForW3CError (C:\Users\ASUS\AppData\Roaming\npm\node_modules\appium\node_modules\@appium\base-driver\lib\protocol\errors.js:1118:9)
    at asyncHandler (C:\Users\ASUS\AppData\Roaming\npm\node_modules\appium\node_modules\@appium\base-driver\lib\protocol\protocol.js:491:57)
	at java.base/jdk.internal.reflect.NativeConstructorAccessorImpl.newInstance0(Native Method)
	at java.base/jdk.internal.reflect.NativeConstructorAccessorImpl.newInstance(NativeConstructorAccessorImpl.java:77)
	at java.base/jdk.internal.reflect.DelegatingConstructorAccessorImpl.newInstance(DelegatingConstructorAccessorImpl.java:45)
	at org.openqa.selenium.remote.W3CHandshakeResponse.lambda$errorHandler$0(W3CHandshakeResponse.java:62)
	at org.openqa.selenium.remote.HandshakeResponse.lambda$getResponseFunction$0(HandshakeResponse.java:30)
	at org.openqa.selenium.remote.ProtocolHandshake.lambda$createSession$0(ProtocolHandshake.java:126)
	at org.openqa.selenium.remote.ProtocolHandshake.createSession(ProtocolHandshake.java:128)
	at java.base/jdk.internal.reflect.NativeMethodAccessorImpl.invoke0(Native Method)
	at java.base/jdk.internal.reflect.NativeMethodAccessorImpl.invoke(NativeMethodAccessorImpl.java:77)
	at java.base/jdk.internal.reflect.DelegatingMethodAccessorImpl.invoke(DelegatingMethodAccessorImpl.java:43)
	at io.appium.java_client.remote.AppiumCommandExecutor$1.createSession(AppiumCommandExecutor.java:186)
	at io.appium.java_client.remote.AppiumCommandExecutor.createSession(AppiumCommandExecutor.java:217)
	at io.appium.java_client.remote.AppiumCommandExecutor.execute(AppiumCommandExecutor.java:239)
	at org.openqa.selenium.remote.RemoteWebDriver.execute(RemoteWebDriver.java:552)
	at io.appium.java_client.DefaultGenericMobileDriver.execute(DefaultGenericMobileDriver.java:42)
	at io.appium.java_client.AppiumDriver.execute(AppiumDriver.java:1)
	at io.appium.java_client.android.AndroidDriver.execute(AndroidDriver.java:1)
	at com.kms.katalon.core.appium.driver.SwipeableAndroidDriver.execute(SwipeableAndroidDriver.java:1)
	at org.openqa.selenium.remote.RemoteWebDriver.startSession(RemoteWebDriver.java:213)
	at org.openqa.selenium.remote.RemoteWebDriver.<init>(RemoteWebDriver.java:131)
	at io.appium.java_client.DefaultGenericMobileDriver.<init>(DefaultGenericMobileDriver.java:38)
	at io.appium.java_client.AppiumDriver.<init>(AppiumDriver.java:84)
	at io.appium.java_client.android.AndroidDriver.<init>(AndroidDriver.java:85)
	at com.kms.katalon.core.appium.driver.SwipeableAndroidDriver.<init>(SwipeableAndroidDriver.java:23)
	at com.kms.katalon.core.appium.driver.AppiumDriverManager.createMobileDriver(AppiumDriverManager.java:560)
	at com.kms.katalon.core.appium.driver.AppiumDriverManager.createMobileDriver(AppiumDriverManager.java:542)
	at com.kms.katalon.core.mobile.keyword.internal.MobileDriverFactory.startLocalMobileDriver(MobileDriverFactory.java:589)
	at com.kms.katalon.core.mobile.keyword.internal.MobileDriverFactory.startMobileDriver(MobileDriverFactory.java:502)
	at com.kms.katalon.core.mobile.keyword.builtin.StartApplicationKeyword$_startApplication_closure1.doCall(StartApplicationKeyword.groovy:61)
	at com.kms.katalon.core.mobile.keyword.builtin.StartApplicationKeyword$_startApplication_closure1.call(StartApplicationKeyword.groovy)
	at com.kms.katalon.core.mobile.keyword.internal.MobileKeywordMain.runKeyword(MobileKeywordMain.groovy:19)
	at com.kms.katalon.core.mobile.keyword.builtin.StartApplicationKeyword.startApplication(StartApplicationKeyword.groovy:63)
	at com.kms.katalon.core.mobile.keyword.builtin.StartApplicationKeyword.execute(StartApplicationKeyword.groovy:42)
	at com.kms.katalon.core.keyword.internal.KeywordExecutor.executeKeywordForPlatform(KeywordExecutor.groovy:74)
	at com.kms.katalon.core.mobile.keyword.MobileBuiltInKeywords.startApplication(MobileBuiltInKeywords.groovy:78)
	at login.run(login:20)
	... 15 more]]></system-out>
      <system-err><![CDATA[14-02-2024T09:18:40 - [TEST_SUITE][FAILED] - login: Test Cases/login FAILED.
Reason:
com.kms.katalon.core.exception.StepFailedException: Unable to start app at: 'C:\Users\ASUS\Downloads\Advantage+demo+3.2.apk'
	at com.kms.katalon.core.mobile.keyword.internal.MobileKeywordMain.stepFailed(MobileKeywordMain.groovy:38)
	at com.kms.katalon.core.mobile.keyword.internal.MobileKeywordMain.runKeyword(MobileKeywordMain.groovy:21)
	at com.kms.katalon.core.mobile.keyword.builtin.StartApplicationKeyword.startApplication(StartApplicationKeyword.groovy:63)
	at com.kms.katalon.core.mobile.keyword.builtin.StartApplicationKeyword.execute(StartApplicationKeyword.groovy:42)
	at com.kms.katalon.core.keyword.internal.KeywordExecutor.executeKeywordForPlatform(KeywordExecutor.groovy:74)
	at com.kms.katalon.core.mobile.keyword.MobileBuiltInKeywords.startApplication(MobileBuiltInKeywords.groovy:78)
	at login.run(login:20)
	at com.kms.katalon.core.main.ScriptEngine.run(ScriptEngine.java:194)
	at com.kms.katalon.core.main.ScriptEngine.runScriptAsRawText(ScriptEngine.java:119)
	at com.kms.katalon.core.main.TestCaseExecutor.runScript(TestCaseExecutor.java:448)
	at com.kms.katalon.core.main.TestCaseExecutor.doExecute(TestCaseExecutor.java:439)
	at com.kms.katalon.core.main.TestCaseExecutor.processExecutionPhase(TestCaseExecutor.java:418)
	at com.kms.katalon.core.main.TestCaseExecutor.accessMainPhase(TestCaseExecutor.java:410)
	at com.kms.katalon.core.main.TestCaseExecutor.execute(TestCaseExecutor.java:285)
	at com.kms.katalon.core.common.CommonExecutor.accessTestCaseMainPhase(CommonExecutor.java:65)
	at com.kms.katalon.core.main.TestSuiteExecutor.accessTestSuiteMainPhase(TestSuiteExecutor.java:148)
	at com.kms.katalon.core.main.TestSuiteExecutor.execute(TestSuiteExecutor.java:106)
	at com.kms.katalon.core.main.TestCaseMain.startTestSuite(TestCaseMain.java:180)
	at TempTestSuite1707877111776.run(TempTestSuite1707877111776.groovy:36)
	at java.base/jdk.internal.reflect.NativeMethodAccessorImpl.invoke0(Native Method)
	at java.base/jdk.internal.reflect.NativeMethodAccessorImpl.invoke(NativeMethodAccessorImpl.java:77)
	at java.base/jdk.internal.reflect.DelegatingMethodAccessorImpl.invoke(DelegatingMethodAccessorImpl.java:43)
Caused by: org.openqa.selenium.SessionNotCreatedException: Unable to create a new remote session. Please check the server log for more details. Original error: An unknown server-side error occurred while processing the command. Original error: Cannot start the 'com.Advantage.aShopping' application. Consider checking the driver's troubleshooting documentation. Original error: 'com.Advantage.aShopping.SplashActivity' or 'com.Advantage.aShopping.com.Advantage.aShopping.SplashActivity' never started. Consider checking the driver's troubleshooting documentation.
Build info: version: '3.141.59', revision: 'e82be7d358', time: '2018-11-14T08:25:53'
System info: host: 'LAPTOP-86QR281O', ip: '192.168.18.137', os.name: 'Windows 11', os.arch: 'amd64', os.version: '10.0', java.version: '17.0.7'
Driver info: driver.version: SwipeableAndroidDriver
remote stacktrace: UnknownError: An unknown server-side error occurred while processing the command. Original error: Cannot start the 'com.Advantage.aShopping' application. Consider checking the driver's troubleshooting documentation. Original error: 'com.Advantage.aShopping.SplashActivity' or 'com.Advantage.aShopping.com.Advantage.aShopping.SplashActivity' never started. Consider checking the driver's troubleshooting documentation.
    at getResponseForW3CError (C:\Users\ASUS\AppData\Roaming\npm\node_modules\appium\node_modules\@appium\base-driver\lib\protocol\errors.js:1118:9)
    at asyncHandler (C:\Users\ASUS\AppData\Roaming\npm\node_modules\appium\node_modules\@appium\base-driver\lib\protocol\protocol.js:491:57)
Build info: version: '3.141.59', revision: 'e82be7d358', time: '2018-11-14T08:25:53'
System info: host: 'LAPTOP-86QR281O', ip: '192.168.18.137', os.name: 'Windows 11', os.arch: 'amd64', os.version: '10.0', java.version: '17.0.7'
Driver info: driver.version: SwipeableAndroidDriver
	at io.appium.java_client.remote.AppiumCommandExecutor$1.createSession(AppiumCommandExecutor.java:208)
	at io.appium.java_client.remote.AppiumCommandExecutor.createSession(AppiumCommandExecutor.java:217)
	at io.appium.java_client.remote.AppiumCommandExecutor.execute(AppiumCommandExecutor.java:239)
	at org.openqa.selenium.remote.RemoteWebDriver.execute(RemoteWebDriver.java:552)
	at io.appium.java_client.DefaultGenericMobileDriver.execute(DefaultGenericMobileDriver.java:42)
	at io.appium.java_client.AppiumDriver.execute(AppiumDriver.java:1)
	at io.appium.java_client.android.AndroidDriver.execute(AndroidDriver.java:1)
	at com.kms.katalon.core.appium.driver.SwipeableAndroidDriver.execute(SwipeableAndroidDriver.java:1)
	at org.openqa.selenium.remote.RemoteWebDriver.startSession(RemoteWebDriver.java:213)
	at org.openqa.selenium.remote.RemoteWebDriver.<init>(RemoteWebDriver.java:131)
	at io.appium.java_client.DefaultGenericMobileDriver.<init>(DefaultGenericMobileDriver.java:38)
	at io.appium.java_client.AppiumDriver.<init>(AppiumDriver.java:84)
	at io.appium.java_client.android.AndroidDriver.<init>(AndroidDriver.java:85)
	at com.kms.katalon.core.appium.driver.SwipeableAndroidDriver.<init>(SwipeableAndroidDriver.java:23)
	at com.kms.katalon.core.appium.driver.AppiumDriverManager.createMobileDriver(AppiumDriverManager.java:560)
	at com.kms.katalon.core.appium.driver.AppiumDriverManager.createMobileDriver(AppiumDriverManager.java:542)
	at com.kms.katalon.core.mobile.keyword.internal.MobileDriverFactory.startLocalMobileDriver(MobileDriverFactory.java:589)
	at com.kms.katalon.core.mobile.keyword.internal.MobileDriverFactory.startMobileDriver(MobileDriverFactory.java:502)
	at com.kms.katalon.core.mobile.keyword.builtin.StartApplicationKeyword$_startApplication_closure1.doCall(StartApplicationKeyword.groovy:61)
	at com.kms.katalon.core.mobile.keyword.builtin.StartApplicationKeyword$_startApplication_closure1.call(StartApplicationKeyword.groovy)
	at com.kms.katalon.core.mobile.keyword.internal.MobileKeywordMain.runKeyword(MobileKeywordMain.groovy:19)
	at com.kms.katalon.core.mobile.keyword.builtin.StartApplicationKeyword.startApplication(StartApplicationKeyword.groovy:63)
	at com.kms.katalon.core.mobile.keyword.builtin.StartApplicationKeyword.execute(StartApplicationKeyword.groovy:42)
	at com.kms.katalon.core.keyword.internal.KeywordExecutor.executeKeywordForPlatform(KeywordExecutor.groovy:74)
	at com.kms.katalon.core.mobile.keyword.MobileBuiltInKeywords.startApplication(MobileBuiltInKeywords.groovy:78)
	at Script1707862145303.run(Script1707862145303.groovy:20)
	... 15 more
Caused by: java.lang.reflect.InvocationTargetException
	at java.base/jdk.internal.reflect.NativeMethodAccessorImpl.invoke0(Native Method)
	at java.base/jdk.internal.reflect.NativeMethodAccessorImpl.invoke(NativeMethodAccessorImpl.java:77)
	at java.base/jdk.internal.reflect.DelegatingMethodAccessorImpl.invoke(DelegatingMethodAccessorImpl.java:43)
	at io.appium.java_client.remote.AppiumCommandExecutor$1.createSession(AppiumCommandExecutor.java:186)
	... 40 more
Caused by: org.openqa.selenium.WebDriverException: An unknown server-side error occurred while processing the command. Original error: Cannot start the 'com.Advantage.aShopping' application. Consider checking the driver's troubleshooting documentation. Original error: 'com.Advantage.aShopping.SplashActivity' or 'com.Advantage.aShopping.com.Advantage.aShopping.SplashActivity' never started. Consider checking the driver's troubleshooting documentation.
Build info: version: '3.141.59', revision: 'e82be7d358', time: '2018-11-14T08:25:53'
System info: host: 'LAPTOP-86QR281O', ip: '192.168.18.137', os.name: 'Windows 11', os.arch: 'amd64', os.version: '10.0', java.version: '17.0.7'
Driver info: driver.version: SwipeableAndroidDriver
remote stacktrace: UnknownError: An unknown server-side error occurred while processing the command. Original error: Cannot start the 'com.Advantage.aShopping' application. Consider checking the driver's troubleshooting documentation. Original error: 'com.Advantage.aShopping.SplashActivity' or 'com.Advantage.aShopping.com.Advantage.aShopping.SplashActivity' never started. Consider checking the driver's troubleshooting documentation.
    at getResponseForW3CError (C:\Users\ASUS\AppData\Roaming\npm\node_modules\appium\node_modules\@appium\base-driver\lib\protocol\errors.js:1118:9)
    at asyncHandler (C:\Users\ASUS\AppData\Roaming\npm\node_modules\appium\node_modules\@appium\base-driver\lib\protocol\protocol.js:491:57)
	at java.base/jdk.internal.reflect.NativeConstructorAccessorImpl.newInstance0(Native Method)
	at java.base/jdk.internal.reflect.NativeConstructorAccessorImpl.newInstance(NativeConstructorAccessorImpl.java:77)
	at java.base/jdk.internal.reflect.DelegatingConstructorAccessorImpl.newInstance(DelegatingConstructorAccessorImpl.java:45)
	at org.openqa.selenium.remote.W3CHandshakeResponse.lambda$errorHandler$0(W3CHandshakeResponse.java:62)
	at org.openqa.selenium.remote.HandshakeResponse.lambda$getResponseFunction$0(HandshakeResponse.java:30)
	at org.openqa.selenium.remote.ProtocolHandshake.lambda$createSession$0(ProtocolHandshake.java:126)
	at org.openqa.selenium.remote.ProtocolHandshake.createSession(ProtocolHandshake.java:128)
	at java.base/jdk.internal.reflect.NativeMethodAccessorImpl.invoke0(Native Method)
	at java.base/jdk.internal.reflect.NativeMethodAccessorImpl.invoke(NativeMethodAccessorImpl.java:77)
	at java.base/jdk.internal.reflect.DelegatingMethodAccessorImpl.invoke(DelegatingMethodAccessorImpl.java:43)
	at io.appium.java_client.remote.AppiumCommandExecutor$1.createSession(AppiumCommandExecutor.java:186)
	at io.appium.java_client.remote.AppiumCommandExecutor.createSession(AppiumCommandExecutor.java:217)
	at io.appium.java_client.remote.AppiumCommandExecutor.execute(AppiumCommandExecutor.java:239)
	at org.openqa.selenium.remote.RemoteWebDriver.execute(RemoteWebDriver.java:552)
	at io.appium.java_client.DefaultGenericMobileDriver.execute(DefaultGenericMobileDriver.java:42)
	at io.appium.java_client.AppiumDriver.execute(AppiumDriver.java:1)
	at io.appium.java_client.android.AndroidDriver.execute(AndroidDriver.java:1)
	at com.kms.katalon.core.appium.driver.SwipeableAndroidDriver.execute(SwipeableAndroidDriver.java:1)
	at org.openqa.selenium.remote.RemoteWebDriver.startSession(RemoteWebDriver.java:213)
	at org.openqa.selenium.remote.RemoteWebDriver.<init>(RemoteWebDriver.java:131)
	at io.appium.java_client.DefaultGenericMobileDriver.<init>(DefaultGenericMobileDriver.java:38)
	at io.appium.java_client.AppiumDriver.<init>(AppiumDriver.java:84)
	at io.appium.java_client.android.AndroidDriver.<init>(AndroidDriver.java:85)
	at com.kms.katalon.core.appium.driver.SwipeableAndroidDriver.<init>(SwipeableAndroidDriver.java:23)
	at com.kms.katalon.core.appium.driver.AppiumDriverManager.createMobileDriver(AppiumDriverManager.java:560)
	at com.kms.katalon.core.appium.driver.AppiumDriverManager.createMobileDriver(AppiumDriverManager.java:542)
	at com.kms.katalon.core.mobile.keyword.internal.MobileDriverFactory.startLocalMobileDriver(MobileDriverFactory.java:589)
	at com.kms.katalon.core.mobile.keyword.internal.MobileDriverFactory.startMobileDriver(MobileDriverFactory.java:502)
	at com.kms.katalon.core.mobile.keyword.builtin.StartApplicationKeyword$_startApplication_closure1.doCall(StartApplicationKeyword.groovy:61)
	at com.kms.katalon.core.mobile.keyword.builtin.StartApplicationKeyword$_startApplication_closure1.call(StartApplicationKeyword.groovy)
	at com.kms.katalon.core.mobile.keyword.internal.MobileKeywordMain.runKeyword(MobileKeywordMain.groovy:19)
	at com.kms.katalon.core.mobile.keyword.builtin.StartApplicationKeyword.startApplication(StartApplicationKeyword.groovy:63)
	at com.kms.katalon.core.mobile.keyword.builtin.StartApplicationKeyword.execute(StartApplicationKeyword.groovy:42)
	at com.kms.katalon.core.keyword.internal.KeywordExecutor.executeKeywordForPlatform(KeywordExecutor.groovy:74)
	at com.kms.katalon.core.mobile.keyword.MobileBuiltInKeywords.startApplication(MobileBuiltInKeywords.groovy:78)
	at login.run(login:20)
	... 15 more]]></system-err>
   </testsuite>
</testsuites>
